<?xml version="1.0" encoding="UTF-8"?>
<!-- Generated by org.testng.reporters.JUnitReportReporter -->
<testsuite hostname="Fatmas-MBP.fios-router.home" failures="0" tests="1" name="com.hrms.testcases.AddEmployeTest" time="0.000" errors="0" timestamp="16 Jun 2020 07:49:05 GMT" skipped="1">
  <testcase classname="com.hrms.testcases.AddEmployeTest" name="addEmployee" time="0.000">
    <skipped/>
  </testcase> <!-- addEmployee -->
</testsuite> <!-- com.hrms.testcases.AddEmployeTest -->
